<?xml version="1.0" encoding="UTF-8"?>
<testng-results ignored="0" total="20" passed="16" failed="4" skipped="0">
  <reporter-output>
  </reporter-output>
  <suite started-at="2023-11-15T23:36:23 EST" name="Surefire suite" finished-at="2023-11-15T23:39:07 EST" duration-ms="164571">
    <groups>
    </groups>
    <test started-at="2023-11-15T23:36:23 EST" name="Surefire test" finished-at="2023-11-15T23:39:07 EST" duration-ms="164571">
      <class name="com.naveenautomation.test.RewardPageTest">
        <test-method is-config="true" signature="loggerSteup()[pri:0, instance:com.naveenautomation.test.RewardPageTest@3bcd05cb]" started-at="2023-11-15T23:38:44 EST" name="loggerSteup" finished-at="2023-11-15T23:38:44 EST" duration-ms="0" status="PASS">
          <reporter-output>
          </reporter-output>
        </test-method> <!-- loggerSteup -->
        <test-method is-config="true" signature="setUp()[pri:0, instance:com.naveenautomation.test.RewardPageTest@3bcd05cb]" started-at="2023-11-15T23:38:44 EST" name="setUp" finished-at="2023-11-15T23:38:47 EST" duration-ms="3344" status="PASS">
          <reporter-output>
          </reporter-output>
        </test-method> <!-- setUp -->
        <test-method signature="validateNumberOfRewardPoints()[pri:0, instance:com.naveenautomation.test.RewardPageTest@3bcd05cb]" started-at="2023-11-15T23:38:47 EST" name="validateNumberOfRewardPoints" finished-at="2023-11-15T23:38:49 EST" duration-ms="2177" status="PASS">
          <reporter-output>
          </reporter-output>
        </test-method> <!-- validateNumberOfRewardPoints -->
        <test-method is-config="true" signature="closeDown()[pri:0, instance:com.naveenautomation.test.RewardPageTest@3bcd05cb]" started-at="2023-11-15T23:38:49 EST" name="closeDown" finished-at="2023-11-15T23:38:49 EST" duration-ms="93" status="PASS">
          <reporter-output>
          </reporter-output>
        </test-method> <!-- closeDown -->
      </class> <!-- com.naveenautomation.test.RewardPageTest -->
      <class name="com.naveenautomation.test.AccountPageTest">
        <test-method is-config="true" signature="loggerSteup()[pri:0, instance:com.naveenautomation.test.AccountPageTest@448c8166]" started-at="2023-11-15T23:36:23 EST" name="loggerSteup" finished-at="2023-11-15T23:36:23 EST" duration-ms="79" status="PASS">
          <reporter-output>
          </reporter-output>
        </test-method> <!-- loggerSteup -->
        <test-method is-config="true" signature="setUp()[pri:0, instance:com.naveenautomation.test.AccountPageTest@448c8166]" started-at="2023-11-15T23:36:23 EST" name="setUp" finished-at="2023-11-15T23:36:28 EST" duration-ms="5097" status="PASS">
          <reporter-output>
          </reporter-output>
        </test-method> <!-- setUp -->
        <test-method signature="validateCurrencyChange()[pri:0, instance:com.naveenautomation.test.AccountPageTest@448c8166]" started-at="2023-11-15T23:36:28 EST" name="validateCurrencyChange" finished-at="2023-11-15T23:36:31 EST" duration-ms="2469" status="FAIL">
          <exception class="java.lang.AssertionError">
            <message>
              <![CDATA[Currency is not selected as expectd expected [£ Currency] but found [£]]]>
            </message>
            <full-stacktrace>
              <![CDATA[java.lang.AssertionError: Currency is not selected as expectd expected [£ Currency] but found [£]
at org.testng.Assert.fail(Assert.java:99)
at org.testng.Assert.failNotEquals(Assert.java:1037)
at org.testng.Assert.assertEqualsImpl(Assert.java:140)
at org.testng.Assert.assertEquals(Assert.java:122)
at org.testng.Assert.assertEquals(Assert.java:629)
at com.naveenautomation.test.AccountPageTest.validateCurrencyChange(AccountPageTest.java:52)
at java.base/jdk.internal.reflect.NativeMethodAccessorImpl.invoke0(Native Method)
at java.base/jdk.internal.reflect.NativeMethodAccessorImpl.invoke(NativeMethodAccessorImpl.java:62)
at java.base/jdk.internal.reflect.DelegatingMethodAccessorImpl.invoke(DelegatingMethodAccessorImpl.java:43)
at java.base/java.lang.reflect.Method.invoke(Method.java:566)
at org.testng.internal.MethodInvocationHelper.invokeMethod(MethodInvocationHelper.java:132)
at org.testng.internal.TestInvoker.invokeMethod(TestInvoker.java:599)
at org.testng.internal.TestInvoker.invokeTestMethod(TestInvoker.java:174)
at org.testng.internal.MethodRunner.runInSequence(MethodRunner.java:46)
at org.testng.internal.TestInvoker$MethodInvocationAgent.invoke(TestInvoker.java:822)
at org.testng.internal.TestInvoker.invokeTestMethods(TestInvoker.java:147)
at org.testng.internal.TestMethodWorker.invokeTestMethods(TestMethodWorker.java:146)
at org.testng.internal.TestMethodWorker.run(TestMethodWorker.java:128)
at java.base/java.util.ArrayList.forEach(ArrayList.java:1541)
at org.testng.TestRunner.privateRun(TestRunner.java:764)
at org.testng.TestRunner.run(TestRunner.java:585)
at org.testng.SuiteRunner.runTest(SuiteRunner.java:384)
at org.testng.SuiteRunner.runSequentially(SuiteRunner.java:378)
at org.testng.SuiteRunner.privateRun(SuiteRunner.java:337)
at org.testng.SuiteRunner.run(SuiteRunner.java:286)
at org.testng.SuiteRunnerWorker.runSuite(SuiteRunnerWorker.java:53)
at org.testng.SuiteRunnerWorker.run(SuiteRunnerWorker.java:96)
at org.testng.TestNG.runSuitesSequentially(TestNG.java:1218)
at org.testng.TestNG.runSuitesLocally(TestNG.java:1140)
at org.testng.TestNG.runSuites(TestNG.java:1069)
at org.testng.TestNG.run(TestNG.java:1037)
at org.apache.maven.surefire.testng.TestNGExecutor.run(TestNGExecutor.java:135)
at org.apache.maven.surefire.testng.TestNGDirectoryTestSuite.executeMulti(TestNGDirectoryTestSuite.java:193)
at org.apache.maven.surefire.testng.TestNGDirectoryTestSuite.execute(TestNGDirectoryTestSuite.java:94)
at org.apache.maven.surefire.testng.TestNGProvider.invoke(TestNGProvider.java:146)
at org.apache.maven.surefire.booter.ForkedBooter.invokeProviderInSameClassLoader(ForkedBooter.java:384)
at org.apache.maven.surefire.booter.ForkedBooter.runSuitesInProcess(ForkedBooter.java:345)
at org.apache.maven.surefire.booter.ForkedBooter.execute(ForkedBooter.java:126)
at org.apache.maven.surefire.booter.ForkedBooter.main(ForkedBooter.java:418)
]]>
            </full-stacktrace>
          </exception> <!-- java.lang.AssertionError -->
          <reporter-output>
          </reporter-output>
        </test-method> <!-- validateCurrencyChange -->
        <test-method is-config="true" signature="closeDown()[pri:0, instance:com.naveenautomation.test.AccountPageTest@448c8166]" started-at="2023-11-15T23:36:31 EST" name="closeDown" finished-at="2023-11-15T23:36:31 EST" duration-ms="79" status="PASS">
          <reporter-output>
          </reporter-output>
        </test-method> <!-- closeDown -->
        <test-method is-config="true" signature="setUp()[pri:0, instance:com.naveenautomation.test.AccountPageTest@448c8166]" started-at="2023-11-15T23:36:31 EST" name="setUp" finished-at="2023-11-15T23:36:34 EST" duration-ms="3568" status="PASS">
          <reporter-output>
          </reporter-output>
        </test-method> <!-- setUp -->
        <test-method signature="validateNewsletterSubscription()[pri:0, instance:com.naveenautomation.test.AccountPageTest@448c8166]" started-at="2023-11-15T23:36:34 EST" name="validateNewsletterSubscription" finished-at="2023-11-15T23:36:37 EST" duration-ms="3151" status="PASS">
          <reporter-output>
          </reporter-output>
        </test-method> <!-- validateNewsletterSubscription -->
        <test-method is-config="true" signature="closeDown()[pri:0, instance:com.naveenautomation.test.AccountPageTest@448c8166]" started-at="2023-11-15T23:36:37 EST" name="closeDown" finished-at="2023-11-15T23:36:37 EST" duration-ms="79" status="PASS">
          <reporter-output>
          </reporter-output>
        </test-method> <!-- closeDown -->
      </class> <!-- com.naveenautomation.test.AccountPageTest -->
      <class name="com.naveenautomation.test.WishlistPageTest">
        <test-method is-config="true" signature="setUp()[pri:0, instance:com.naveenautomation.test.WishlistPageTest@3b6d844d]" started-at="2023-11-15T23:38:49 EST" name="setUp" finished-at="2023-11-15T23:38:53 EST" duration-ms="3658" status="PASS">
          <reporter-output>
          </reporter-output>
        </test-method> <!-- setUp -->
        <test-method is-config="true" signature="loggerSteup()[pri:0, instance:com.naveenautomation.test.WishlistPageTest@3b6d844d]" started-at="2023-11-15T23:38:49 EST" name="loggerSteup" finished-at="2023-11-15T23:38:49 EST" duration-ms="0" status="PASS">
          <reporter-output>
          </reporter-output>
        </test-method> <!-- loggerSteup -->
        <test-method signature="validateModificationInWishList()[pri:0, instance:com.naveenautomation.test.WishlistPageTest@3b6d844d]" started-at="2023-11-15T23:38:53 EST" name="validateModificationInWishList" finished-at="2023-11-15T23:39:07 EST" duration-ms="14170" status="FAIL">
          <exception class="org.openqa.selenium.ElementNotInteractableException">
            <message>
              <![CDATA[element not interactable
  (Session info: chrome=119.0.6045.160)
Build info: version: '3.141.59', revision: 'e82be7d358', time: '2018-11-14T08:17:03'
System info: host: 'DESKTOP-E9NU9A2', ip: '10.0.0.170', os.name: 'Windows 11', os.arch: 'amd64', os.version: '10.0', java.version: '11.0.16'
Driver info: org.openqa.selenium.chrome.ChromeDriver
Capabilities {acceptInsecureCerts: false, browserName: chrome, browserVersion: 119.0.6045.160, chrome: {chromedriverVersion: 119.0.6045.105 (38c72552c5e..., userDataDir: C:\Windows\SystemTemp\scope...}, fedcm:accounts: true, goog:chromeOptions: {debuggerAddress: localhost:51577}, javascriptEnabled: true, networkConnectionEnabled: false, pageLoadStrategy: normal, platform: WINDOWS, platformName: WINDOWS, proxy: Proxy(), setWindowRect: true, strictFileInteractability: false, timeouts: {implicit: 0, pageLoad: 300000, script: 30000}, unhandledPromptBehavior: dismiss and notify, webauthn:extension:credBlob: true, webauthn:extension:largeBlob: true, webauthn:extension:minPinLength: true, webauthn:extension:prf: true, webauthn:virtualAuthenticators: true}
Session ID: a36c0819346a846205ee41b7dc44094a]]>
            </message>
            <full-stacktrace>
              <![CDATA[org.openqa.selenium.ElementNotInteractableException: element not interactable
  (Session info: chrome=119.0.6045.160)
Build info: version: '3.141.59', revision: 'e82be7d358', time: '2018-11-14T08:17:03'
System info: host: 'DESKTOP-E9NU9A2', ip: '10.0.0.170', os.name: 'Windows 11', os.arch: 'amd64', os.version: '10.0', java.version: '11.0.16'
Driver info: org.openqa.selenium.chrome.ChromeDriver
Capabilities {acceptInsecureCerts: false, browserName: chrome, browserVersion: 119.0.6045.160, chrome: {chromedriverVersion: 119.0.6045.105 (38c72552c5e..., userDataDir: C:\Windows\SystemTemp\scope...}, fedcm:accounts: true, goog:chromeOptions: {debuggerAddress: localhost:51577}, javascriptEnabled: true, networkConnectionEnabled: false, pageLoadStrategy: normal, platform: WINDOWS, platformName: WINDOWS, proxy: Proxy(), setWindowRect: true, strictFileInteractability: false, timeouts: {implicit: 0, pageLoad: 300000, script: 30000}, unhandledPromptBehavior: dismiss and notify, webauthn:extension:credBlob: true, webauthn:extension:largeBlob: true, webauthn:extension:minPinLength: true, webauthn:extension:prf: true, webauthn:virtualAuthenticators: true}
Session ID: a36c0819346a846205ee41b7dc44094a
at java.base/jdk.internal.reflect.NativeConstructorAccessorImpl.newInstance0(Native Method)
at java.base/jdk.internal.reflect.NativeConstructorAccessorImpl.newInstance(NativeConstructorAccessorImpl.java:62)
at java.base/jdk.internal.reflect.DelegatingConstructorAccessorImpl.newInstance(DelegatingConstructorAccessorImpl.java:45)
at java.base/java.lang.reflect.Constructor.newInstance(Constructor.java:490)
at org.openqa.selenium.remote.http.W3CHttpResponseCodec.createException(W3CHttpResponseCodec.java:187)
at org.openqa.selenium.remote.http.W3CHttpResponseCodec.decode(W3CHttpResponseCodec.java:122)
at org.openqa.selenium.remote.http.W3CHttpResponseCodec.decode(W3CHttpResponseCodec.java:49)
at org.openqa.selenium.remote.HttpCommandExecutor.execute(HttpCommandExecutor.java:158)
at org.openqa.selenium.remote.service.DriverCommandExecutor.execute(DriverCommandExecutor.java:83)
at org.openqa.selenium.remote.RemoteWebDriver.execute(RemoteWebDriver.java:552)
at org.openqa.selenium.remote.RemoteWebElement.execute(RemoteWebElement.java:285)
at org.openqa.selenium.remote.RemoteWebElement.click(RemoteWebElement.java:84)
at jdk.internal.reflect.GeneratedMethodAccessor12.invoke(Unknown Source)
at java.base/jdk.internal.reflect.DelegatingMethodAccessorImpl.invoke(DelegatingMethodAccessorImpl.java:43)
at java.base/java.lang.reflect.Method.invoke(Method.java:566)
at org.openqa.selenium.support.events.EventFiringWebDriver$EventFiringWebElement.lambda$new$0(EventFiringWebDriver.java:404)
at com.sun.proxy.$Proxy19.click(Unknown Source)
at org.openqa.selenium.support.events.EventFiringWebDriver$EventFiringWebElement.click(EventFiringWebDriver.java:417)
at jdk.internal.reflect.GeneratedMethodAccessor12.invoke(Unknown Source)
at java.base/jdk.internal.reflect.DelegatingMethodAccessorImpl.invoke(DelegatingMethodAccessorImpl.java:43)
at java.base/java.lang.reflect.Method.invoke(Method.java:566)
at org.openqa.selenium.support.pagefactory.internal.LocatingElementHandler.invoke(LocatingElementHandler.java:51)
at com.sun.proxy.$Proxy14.click(Unknown Source)
at com.naveenautomation.pages.ProductDetailsPage.clickOnWishListLink(ProductDetailsPage.java:63)
at com.naveenautomation.test.WishlistPageTest.validateModificationInWishList(WishlistPageTest.java:28)
at java.base/jdk.internal.reflect.NativeMethodAccessorImpl.invoke0(Native Method)
at java.base/jdk.internal.reflect.NativeMethodAccessorImpl.invoke(NativeMethodAccessorImpl.java:62)
at java.base/jdk.internal.reflect.DelegatingMethodAccessorImpl.invoke(DelegatingMethodAccessorImpl.java:43)
at java.base/java.lang.reflect.Method.invoke(Method.java:566)
at org.testng.internal.MethodInvocationHelper.invokeMethod(MethodInvocationHelper.java:132)
at org.testng.internal.TestInvoker.invokeMethod(TestInvoker.java:599)
at org.testng.internal.TestInvoker.invokeTestMethod(TestInvoker.java:174)
at org.testng.internal.MethodRunner.runInSequence(MethodRunner.java:46)
at org.testng.internal.TestInvoker$MethodInvocationAgent.invoke(TestInvoker.java:822)
at org.testng.internal.TestInvoker.invokeTestMethods(TestInvoker.java:147)
at org.testng.internal.TestMethodWorker.invokeTestMethods(TestMethodWorker.java:146)
at org.testng.internal.TestMethodWorker.run(TestMethodWorker.java:128)
at java.base/java.util.ArrayList.forEach(ArrayList.java:1541)
at org.testng.TestRunner.privateRun(TestRunner.java:764)
at org.testng.TestRunner.run(TestRunner.java:585)
at org.testng.SuiteRunner.runTest(SuiteRunner.java:384)
at org.testng.SuiteRunner.runSequentially(SuiteRunner.java:378)
at org.testng.SuiteRunner.privateRun(SuiteRunner.java:337)
at org.testng.SuiteRunner.run(SuiteRunner.java:286)
at org.testng.SuiteRunnerWorker.runSuite(SuiteRunnerWorker.java:53)
at org.testng.SuiteRunnerWorker.run(SuiteRunnerWorker.java:96)
at org.testng.TestNG.runSuitesSequentially(TestNG.java:1218)
at org.testng.TestNG.runSuitesLocally(TestNG.java:1140)
at org.testng.TestNG.runSuites(TestNG.java:1069)
at org.testng.TestNG.run(TestNG.java:1037)
at org.apache.maven.surefire.testng.TestNGExecutor.run(TestNGExecutor.java:135)
at org.apache.maven.surefire.testng.TestNGDirectoryTestSuite.executeMulti(TestNGDirectoryTestSuite.java:193)
at org.apache.maven.surefire.testng.TestNGDirectoryTestSuite.execute(TestNGDirectoryTestSuite.java:94)
at org.apache.maven.surefire.testng.TestNGProvider.invoke(TestNGProvider.java:146)
at org.apache.maven.surefire.booter.ForkedBooter.invokeProviderInSameClassLoader(ForkedBooter.java:384)
at org.apache.maven.surefire.booter.ForkedBooter.runSuitesInProcess(ForkedBooter.java:345)
at org.apache.maven.surefire.booter.ForkedBooter.execute(ForkedBooter.java:126)
at org.apache.maven.surefire.booter.ForkedBooter.main(ForkedBooter.java:418)
]]>
            </full-stacktrace>
          </exception> <!-- org.openqa.selenium.ElementNotInteractableException -->
          <reporter-output>
          </reporter-output>
        </test-method> <!-- validateModificationInWishList -->
        <test-method is-config="true" signature="closeDown()[pri:0, instance:com.naveenautomation.test.WishlistPageTest@3b6d844d]" started-at="2023-11-15T23:39:07 EST" name="closeDown" finished-at="2023-11-15T23:39:07 EST" duration-ms="153" status="PASS">
          <reporter-output>
          </reporter-output>
        </test-method> <!-- closeDown -->
      </class> <!-- com.naveenautomation.test.WishlistPageTest -->
      <class name="com.naveenautomation.test.MacbookPageTest">
        <test-method is-config="true" signature="loggerSteup()[pri:0, instance:com.naveenautomation.test.MacbookPageTest@13526e59]" started-at="2023-11-15T23:37:43 EST" name="loggerSteup" finished-at="2023-11-15T23:37:43 EST" duration-ms="0" status="PASS">
          <reporter-output>
          </reporter-output>
        </test-method> <!-- loggerSteup -->
        <test-method is-config="true" signature="setUp()[pri:0, instance:com.naveenautomation.test.MacbookPageTest@13526e59]" started-at="2023-11-15T23:37:43 EST" name="setUp" finished-at="2023-11-15T23:37:46 EST" duration-ms="3781" status="PASS">
          <reporter-output>
          </reporter-output>
        </test-method> <!-- setUp -->
        <test-method signature="validateIfSearchItemDisplayed()[pri:0, instance:com.naveenautomation.test.MacbookPageTest@13526e59]" started-at="2023-11-15T23:37:46 EST" name="validateIfSearchItemDisplayed" finished-at="2023-11-15T23:37:50 EST" duration-ms="3711" status="PASS">
          <reporter-output>
          </reporter-output>
        </test-method> <!-- validateIfSearchItemDisplayed -->
        <test-method is-config="true" signature="closeDown()[pri:0, instance:com.naveenautomation.test.MacbookPageTest@13526e59]" started-at="2023-11-15T23:37:50 EST" name="closeDown" finished-at="2023-11-15T23:37:50 EST" duration-ms="95" status="PASS">
          <reporter-output>
          </reporter-output>
        </test-method> <!-- closeDown -->
      </class> <!-- com.naveenautomation.test.MacbookPageTest -->
      <class name="com.naveenautomation.test.ContactSuccessPageTest">
        <test-method is-config="true" signature="loggerSteup()[pri:0, instance:com.naveenautomation.test.ContactSuccessPageTest@15d49048]" started-at="2023-11-15T23:36:54 EST" name="loggerSteup" finished-at="2023-11-15T23:36:54 EST" duration-ms="0" status="PASS">
          <reporter-output>
          </reporter-output>
        </test-method> <!-- loggerSteup -->
        <test-method is-config="true" signature="setUp()[pri:0, instance:com.naveenautomation.test.ContactSuccessPageTest@15d49048]" started-at="2023-11-15T23:36:54 EST" name="setUp" finished-at="2023-11-15T23:36:58 EST" duration-ms="3706" status="PASS">
          <reporter-output>
          </reporter-output>
        </test-method> <!-- setUp -->
        <test-method signature="validateIfUserCanContact()[pri:0, instance:com.naveenautomation.test.ContactSuccessPageTest@15d49048]" started-at="2023-11-15T23:36:58 EST" name="validateIfUserCanContact" finished-at="2023-11-15T23:37:03 EST" duration-ms="4883" status="PASS">
          <reporter-output>
          </reporter-output>
        </test-method> <!-- validateIfUserCanContact -->
        <test-method is-config="true" signature="closeDown()[pri:0, instance:com.naveenautomation.test.ContactSuccessPageTest@15d49048]" started-at="2023-11-15T23:37:03 EST" name="closeDown" finished-at="2023-11-15T23:37:03 EST" duration-ms="130" status="PASS">
          <reporter-output>
          </reporter-output>
        </test-method> <!-- closeDown -->
      </class> <!-- com.naveenautomation.test.ContactSuccessPageTest -->
      <class name="com.naveenautomation.test.ProductDetailsPageTest">
        <test-method is-config="true" signature="loggerSteup()[pri:0, instance:com.naveenautomation.test.ProductDetailsPageTest@2235eaab]" started-at="2023-11-15T23:37:50 EST" name="loggerSteup" finished-at="2023-11-15T23:37:50 EST" duration-ms="0" status="PASS">
          <reporter-output>
          </reporter-output>
        </test-method> <!-- loggerSteup -->
        <test-method is-config="true" signature="setUp()[pri:0, instance:com.naveenautomation.test.ProductDetailsPageTest@2235eaab]" started-at="2023-11-15T23:37:50 EST" name="setUp" finished-at="2023-11-15T23:37:54 EST" duration-ms="4102" status="PASS">
          <reporter-output>
          </reporter-output>
        </test-method> <!-- setUp -->
        <test-method signature="validateAddToCart()[pri:0, instance:com.naveenautomation.test.ProductDetailsPageTest@2235eaab]" started-at="2023-11-15T23:37:54 EST" name="validateAddToCart" finished-at="2023-11-15T23:38:08 EST" duration-ms="13334" status="FAIL">
          <exception class="org.openqa.selenium.ElementNotInteractableException">
            <message>
              <![CDATA[element not interactable
  (Session info: chrome=119.0.6045.160)
Build info: version: '3.141.59', revision: 'e82be7d358', time: '2018-11-14T08:17:03'
System info: host: 'DESKTOP-E9NU9A2', ip: '10.0.0.170', os.name: 'Windows 11', os.arch: 'amd64', os.version: '10.0', java.version: '11.0.16'
Driver info: org.openqa.selenium.chrome.ChromeDriver
Capabilities {acceptInsecureCerts: false, browserName: chrome, browserVersion: 119.0.6045.160, chrome: {chromedriverVersion: 119.0.6045.105 (38c72552c5e..., userDataDir: C:\Windows\SystemTemp\scope...}, fedcm:accounts: true, goog:chromeOptions: {debuggerAddress: localhost:51431}, javascriptEnabled: true, networkConnectionEnabled: false, pageLoadStrategy: normal, platform: WINDOWS, platformName: WINDOWS, proxy: Proxy(), setWindowRect: true, strictFileInteractability: false, timeouts: {implicit: 0, pageLoad: 300000, script: 30000}, unhandledPromptBehavior: dismiss and notify, webauthn:extension:credBlob: true, webauthn:extension:largeBlob: true, webauthn:extension:minPinLength: true, webauthn:extension:prf: true, webauthn:virtualAuthenticators: true}
Session ID: a29e4998d42aa90b513eb0f7fee6b917]]>
            </message>
            <full-stacktrace>
              <![CDATA[org.openqa.selenium.ElementNotInteractableException: element not interactable
  (Session info: chrome=119.0.6045.160)
Build info: version: '3.141.59', revision: 'e82be7d358', time: '2018-11-14T08:17:03'
System info: host: 'DESKTOP-E9NU9A2', ip: '10.0.0.170', os.name: 'Windows 11', os.arch: 'amd64', os.version: '10.0', java.version: '11.0.16'
Driver info: org.openqa.selenium.chrome.ChromeDriver
Capabilities {acceptInsecureCerts: false, browserName: chrome, browserVersion: 119.0.6045.160, chrome: {chromedriverVersion: 119.0.6045.105 (38c72552c5e..., userDataDir: C:\Windows\SystemTemp\scope...}, fedcm:accounts: true, goog:chromeOptions: {debuggerAddress: localhost:51431}, javascriptEnabled: true, networkConnectionEnabled: false, pageLoadStrategy: normal, platform: WINDOWS, platformName: WINDOWS, proxy: Proxy(), setWindowRect: true, strictFileInteractability: false, timeouts: {implicit: 0, pageLoad: 300000, script: 30000}, unhandledPromptBehavior: dismiss and notify, webauthn:extension:credBlob: true, webauthn:extension:largeBlob: true, webauthn:extension:minPinLength: true, webauthn:extension:prf: true, webauthn:virtualAuthenticators: true}
Session ID: a29e4998d42aa90b513eb0f7fee6b917
at java.base/jdk.internal.reflect.NativeConstructorAccessorImpl.newInstance0(Native Method)
at java.base/jdk.internal.reflect.NativeConstructorAccessorImpl.newInstance(NativeConstructorAccessorImpl.java:62)
at java.base/jdk.internal.reflect.DelegatingConstructorAccessorImpl.newInstance(DelegatingConstructorAccessorImpl.java:45)
at java.base/java.lang.reflect.Constructor.newInstance(Constructor.java:490)
at org.openqa.selenium.remote.http.W3CHttpResponseCodec.createException(W3CHttpResponseCodec.java:187)
at org.openqa.selenium.remote.http.W3CHttpResponseCodec.decode(W3CHttpResponseCodec.java:122)
at org.openqa.selenium.remote.http.W3CHttpResponseCodec.decode(W3CHttpResponseCodec.java:49)
at org.openqa.selenium.remote.HttpCommandExecutor.execute(HttpCommandExecutor.java:158)
at org.openqa.selenium.remote.service.DriverCommandExecutor.execute(DriverCommandExecutor.java:83)
at org.openqa.selenium.remote.RemoteWebDriver.execute(RemoteWebDriver.java:552)
at org.openqa.selenium.remote.RemoteWebElement.execute(RemoteWebElement.java:285)
at org.openqa.selenium.remote.RemoteWebElement.click(RemoteWebElement.java:84)
at jdk.internal.reflect.GeneratedMethodAccessor12.invoke(Unknown Source)
at java.base/jdk.internal.reflect.DelegatingMethodAccessorImpl.invoke(DelegatingMethodAccessorImpl.java:43)
at java.base/java.lang.reflect.Method.invoke(Method.java:566)
at org.openqa.selenium.support.events.EventFiringWebDriver$EventFiringWebElement.lambda$new$0(EventFiringWebDriver.java:404)
at com.sun.proxy.$Proxy19.click(Unknown Source)
at org.openqa.selenium.support.events.EventFiringWebDriver$EventFiringWebElement.click(EventFiringWebDriver.java:417)
at jdk.internal.reflect.GeneratedMethodAccessor12.invoke(Unknown Source)
at java.base/jdk.internal.reflect.DelegatingMethodAccessorImpl.invoke(DelegatingMethodAccessorImpl.java:43)
at java.base/java.lang.reflect.Method.invoke(Method.java:566)
at org.openqa.selenium.support.pagefactory.internal.LocatingElementHandler.invoke(LocatingElementHandler.java:51)
at com.sun.proxy.$Proxy14.click(Unknown Source)
at com.naveenautomation.pages.ProductDetailsPage.clickOnAddToCart(ProductDetailsPage.java:43)
at com.naveenautomation.test.ProductDetailsPageTest.validateAddToCart(ProductDetailsPageTest.java:40)
at java.base/jdk.internal.reflect.NativeMethodAccessorImpl.invoke0(Native Method)
at java.base/jdk.internal.reflect.NativeMethodAccessorImpl.invoke(NativeMethodAccessorImpl.java:62)
at java.base/jdk.internal.reflect.DelegatingMethodAccessorImpl.invoke(DelegatingMethodAccessorImpl.java:43)
at java.base/java.lang.reflect.Method.invoke(Method.java:566)
at org.testng.internal.MethodInvocationHelper.invokeMethod(MethodInvocationHelper.java:132)
at org.testng.internal.TestInvoker.invokeMethod(TestInvoker.java:599)
at org.testng.internal.TestInvoker.invokeTestMethod(TestInvoker.java:174)
at org.testng.internal.MethodRunner.runInSequence(MethodRunner.java:46)
at org.testng.internal.TestInvoker$MethodInvocationAgent.invoke(TestInvoker.java:822)
at org.testng.internal.TestInvoker.invokeTestMethods(TestInvoker.java:147)
at org.testng.internal.TestMethodWorker.invokeTestMethods(TestMethodWorker.java:146)
at org.testng.internal.TestMethodWorker.run(TestMethodWorker.java:128)
at java.base/java.util.ArrayList.forEach(ArrayList.java:1541)
at org.testng.TestRunner.privateRun(TestRunner.java:764)
at org.testng.TestRunner.run(TestRunner.java:585)
at org.testng.SuiteRunner.runTest(SuiteRunner.java:384)
at org.testng.SuiteRunner.runSequentially(SuiteRunner.java:378)
at org.testng.SuiteRunner.privateRun(SuiteRunner.java:337)
at org.testng.SuiteRunner.run(SuiteRunner.java:286)
at org.testng.SuiteRunnerWorker.runSuite(SuiteRunnerWorker.java:53)
at org.testng.SuiteRunnerWorker.run(SuiteRunnerWorker.java:96)
at org.testng.TestNG.runSuitesSequentially(TestNG.java:1218)
at org.testng.TestNG.runSuitesLocally(TestNG.java:1140)
at org.testng.TestNG.runSuites(TestNG.java:1069)
at org.testng.TestNG.run(TestNG.java:1037)
at org.apache.maven.surefire.testng.TestNGExecutor.run(TestNGExecutor.java:135)
at org.apache.maven.surefire.testng.TestNGDirectoryTestSuite.executeMulti(TestNGDirectoryTestSuite.java:193)
at org.apache.maven.surefire.testng.TestNGDirectoryTestSuite.execute(TestNGDirectoryTestSuite.java:94)
at org.apache.maven.surefire.testng.TestNGProvider.invoke(TestNGProvider.java:146)
at org.apache.maven.surefire.booter.ForkedBooter.invokeProviderInSameClassLoader(ForkedBooter.java:384)
at org.apache.maven.surefire.booter.ForkedBooter.runSuitesInProcess(ForkedBooter.java:345)
at org.apache.maven.surefire.booter.ForkedBooter.execute(ForkedBooter.java:126)
at org.apache.maven.surefire.booter.ForkedBooter.main(ForkedBooter.java:418)
]]>
            </full-stacktrace>
          </exception> <!-- org.openqa.selenium.ElementNotInteractableException -->
          <reporter-output>
          </reporter-output>
        </test-method> <!-- validateAddToCart -->
        <test-method is-config="true" signature="closeDown()[pri:0, instance:com.naveenautomation.test.ProductDetailsPageTest@2235eaab]" started-at="2023-11-15T23:38:08 EST" name="closeDown" finished-at="2023-11-15T23:38:08 EST" duration-ms="109" status="PASS">
          <reporter-output>
          </reporter-output>
        </test-method> <!-- closeDown -->
        <test-method is-config="true" signature="setUp()[pri:0, instance:com.naveenautomation.test.ProductDetailsPageTest@2235eaab]" started-at="2023-11-15T23:38:08 EST" name="setUp" finished-at="2023-11-15T23:38:13 EST" duration-ms="5363" status="PASS">
          <reporter-output>
          </reporter-output>
        </test-method> <!-- setUp -->
        <test-method signature="validateCompareProductButton()[pri:0, instance:com.naveenautomation.test.ProductDetailsPageTest@2235eaab]" started-at="2023-11-15T23:38:13 EST" name="validateCompareProductButton" finished-at="2023-11-15T23:38:18 EST" duration-ms="4393" status="PASS">
          <reporter-output>
          </reporter-output>
        </test-method> <!-- validateCompareProductButton -->
        <test-method is-config="true" signature="closeDown()[pri:0, instance:com.naveenautomation.test.ProductDetailsPageTest@2235eaab]" started-at="2023-11-15T23:38:18 EST" name="closeDown" finished-at="2023-11-15T23:38:18 EST" duration-ms="83" status="PASS">
          <reporter-output>
          </reporter-output>
        </test-method> <!-- closeDown -->
        <test-method is-config="true" signature="setUp()[pri:0, instance:com.naveenautomation.test.ProductDetailsPageTest@2235eaab]" started-at="2023-11-15T23:38:18 EST" name="setUp" finished-at="2023-11-15T23:38:21 EST" duration-ms="3663" status="PASS">
          <reporter-output>
          </reporter-output>
        </test-method> <!-- setUp -->
        <test-method signature="validateItemAddToWishlist()[pri:0, instance:com.naveenautomation.test.ProductDetailsPageTest@2235eaab]" started-at="2023-11-15T23:38:21 EST" name="validateItemAddToWishlist" finished-at="2023-11-15T23:38:25 EST" duration-ms="3591" status="PASS">
          <reporter-output>
          </reporter-output>
        </test-method> <!-- validateItemAddToWishlist -->
        <test-method is-config="true" signature="closeDown()[pri:0, instance:com.naveenautomation.test.ProductDetailsPageTest@2235eaab]" started-at="2023-11-15T23:38:25 EST" name="closeDown" finished-at="2023-11-15T23:38:25 EST" duration-ms="86" status="PASS">
          <reporter-output>
          </reporter-output>
        </test-method> <!-- closeDown -->
        <test-method is-config="true" signature="setUp()[pri:0, instance:com.naveenautomation.test.ProductDetailsPageTest@2235eaab]" started-at="2023-11-15T23:38:25 EST" name="setUp" finished-at="2023-11-15T23:38:29 EST" duration-ms="3544" status="PASS">
          <reporter-output>
          </reporter-output>
        </test-method> <!-- setUp -->
        <test-method signature="validatePriceOfProduct()[pri:0, instance:com.naveenautomation.test.ProductDetailsPageTest@2235eaab]" started-at="2023-11-15T23:38:29 EST" name="validatePriceOfProduct" finished-at="2023-11-15T23:38:31 EST" duration-ms="2588" status="PASS">
          <reporter-output>
          </reporter-output>
        </test-method> <!-- validatePriceOfProduct -->
        <test-method is-config="true" signature="closeDown()[pri:0, instance:com.naveenautomation.test.ProductDetailsPageTest@2235eaab]" started-at="2023-11-15T23:38:31 EST" name="closeDown" finished-at="2023-11-15T23:38:31 EST" duration-ms="127" status="PASS">
          <reporter-output>
          </reporter-output>
        </test-method> <!-- closeDown -->
        <test-method is-config="true" signature="setUp()[pri:0, instance:com.naveenautomation.test.ProductDetailsPageTest@2235eaab]" started-at="2023-11-15T23:38:31 EST" name="setUp" finished-at="2023-11-15T23:38:35 EST" duration-ms="3908" status="PASS">
          <reporter-output>
          </reporter-output>
        </test-method> <!-- setUp -->
        <test-method signature="validateTiltleOfProduct()[pri:0, instance:com.naveenautomation.test.ProductDetailsPageTest@2235eaab]" started-at="2023-11-15T23:38:35 EST" name="validateTiltleOfProduct" finished-at="2023-11-15T23:38:38 EST" duration-ms="2955" status="PASS">
          <reporter-output>
          </reporter-output>
        </test-method> <!-- validateTiltleOfProduct -->
        <test-method is-config="true" signature="closeDown()[pri:0, instance:com.naveenautomation.test.ProductDetailsPageTest@2235eaab]" started-at="2023-11-15T23:38:38 EST" name="closeDown" finished-at="2023-11-15T23:38:38 EST" duration-ms="94" status="PASS">
          <reporter-output>
          </reporter-output>
        </test-method> <!-- closeDown -->
      </class> <!-- com.naveenautomation.test.ProductDetailsPageTest -->
      <class name="com.naveenautomation.test.CheckoutPageTest">
        <test-method is-config="true" signature="setUp()[pri:0, instance:com.naveenautomation.test.CheckoutPageTest@4470fbd6]" started-at="2023-11-15T23:36:37 EST" name="setUp" finished-at="2023-11-15T23:36:43 EST" duration-ms="5175" status="PASS">
          <reporter-output>
          </reporter-output>
        </test-method> <!-- setUp -->
        <test-method is-config="true" signature="loggerSteup()[pri:0, instance:com.naveenautomation.test.CheckoutPageTest@4470fbd6]" started-at="2023-11-15T23:36:37 EST" name="loggerSteup" finished-at="2023-11-15T23:36:37 EST" duration-ms="0" status="PASS">
          <reporter-output>
          </reporter-output>
        </test-method> <!-- loggerSteup -->
        <test-method signature="validateInvalidCouponCode()[pri:0, instance:com.naveenautomation.test.CheckoutPageTest@4470fbd6]" started-at="2023-11-15T23:36:43 EST" name="validateInvalidCouponCode" finished-at="2023-11-15T23:36:54 EST" duration-ms="11449" status="FAIL">
          <exception class="org.openqa.selenium.ElementNotInteractableException">
            <message>
              <![CDATA[element not interactable
  (Session info: chrome=119.0.6045.160)
Build info: version: '3.141.59', revision: 'e82be7d358', time: '2018-11-14T08:17:03'
System info: host: 'DESKTOP-E9NU9A2', ip: '10.0.0.170', os.name: 'Windows 11', os.arch: 'amd64', os.version: '10.0', java.version: '11.0.16'
Driver info: org.openqa.selenium.chrome.ChromeDriver
Capabilities {acceptInsecureCerts: false, browserName: chrome, browserVersion: 119.0.6045.160, chrome: {chromedriverVersion: 119.0.6045.105 (38c72552c5e..., userDataDir: C:\Windows\SystemTemp\scope...}, fedcm:accounts: true, goog:chromeOptions: {debuggerAddress: localhost:51220}, javascriptEnabled: true, networkConnectionEnabled: false, pageLoadStrategy: normal, platform: WINDOWS, platformName: WINDOWS, proxy: Proxy(), setWindowRect: true, strictFileInteractability: false, timeouts: {implicit: 0, pageLoad: 300000, script: 30000}, unhandledPromptBehavior: dismiss and notify, webauthn:extension:credBlob: true, webauthn:extension:largeBlob: true, webauthn:extension:minPinLength: true, webauthn:extension:prf: true, webauthn:virtualAuthenticators: true}
Session ID: 47157fb468416aff4cb0d109c7fc3a04]]>
            </message>
            <full-stacktrace>
              <![CDATA[org.openqa.selenium.ElementNotInteractableException: element not interactable
  (Session info: chrome=119.0.6045.160)
Build info: version: '3.141.59', revision: 'e82be7d358', time: '2018-11-14T08:17:03'
System info: host: 'DESKTOP-E9NU9A2', ip: '10.0.0.170', os.name: 'Windows 11', os.arch: 'amd64', os.version: '10.0', java.version: '11.0.16'
Driver info: org.openqa.selenium.chrome.ChromeDriver
Capabilities {acceptInsecureCerts: false, browserName: chrome, browserVersion: 119.0.6045.160, chrome: {chromedriverVersion: 119.0.6045.105 (38c72552c5e..., userDataDir: C:\Windows\SystemTemp\scope...}, fedcm:accounts: true, goog:chromeOptions: {debuggerAddress: localhost:51220}, javascriptEnabled: true, networkConnectionEnabled: false, pageLoadStrategy: normal, platform: WINDOWS, platformName: WINDOWS, proxy: Proxy(), setWindowRect: true, strictFileInteractability: false, timeouts: {implicit: 0, pageLoad: 300000, script: 30000}, unhandledPromptBehavior: dismiss and notify, webauthn:extension:credBlob: true, webauthn:extension:largeBlob: true, webauthn:extension:minPinLength: true, webauthn:extension:prf: true, webauthn:virtualAuthenticators: true}
Session ID: 47157fb468416aff4cb0d109c7fc3a04
at java.base/jdk.internal.reflect.NativeConstructorAccessorImpl.newInstance0(Native Method)
at java.base/jdk.internal.reflect.NativeConstructorAccessorImpl.newInstance(NativeConstructorAccessorImpl.java:62)
at java.base/jdk.internal.reflect.DelegatingConstructorAccessorImpl.newInstance(DelegatingConstructorAccessorImpl.java:45)
at java.base/java.lang.reflect.Constructor.newInstance(Constructor.java:490)
at org.openqa.selenium.remote.http.W3CHttpResponseCodec.createException(W3CHttpResponseCodec.java:187)
at org.openqa.selenium.remote.http.W3CHttpResponseCodec.decode(W3CHttpResponseCodec.java:122)
at org.openqa.selenium.remote.http.W3CHttpResponseCodec.decode(W3CHttpResponseCodec.java:49)
at org.openqa.selenium.remote.HttpCommandExecutor.execute(HttpCommandExecutor.java:158)
at org.openqa.selenium.remote.service.DriverCommandExecutor.execute(DriverCommandExecutor.java:83)
at org.openqa.selenium.remote.RemoteWebDriver.execute(RemoteWebDriver.java:552)
at org.openqa.selenium.remote.RemoteWebElement.execute(RemoteWebElement.java:285)
at org.openqa.selenium.remote.RemoteWebElement.click(RemoteWebElement.java:84)
at jdk.internal.reflect.GeneratedMethodAccessor12.invoke(Unknown Source)
at java.base/jdk.internal.reflect.DelegatingMethodAccessorImpl.invoke(DelegatingMethodAccessorImpl.java:43)
at java.base/java.lang.reflect.Method.invoke(Method.java:566)
at org.openqa.selenium.support.events.EventFiringWebDriver$EventFiringWebElement.lambda$new$0(EventFiringWebDriver.java:404)
at com.sun.proxy.$Proxy19.click(Unknown Source)
at org.openqa.selenium.support.events.EventFiringWebDriver$EventFiringWebElement.click(EventFiringWebDriver.java:417)
at java.base/jdk.internal.reflect.NativeMethodAccessorImpl.invoke0(Native Method)
at java.base/jdk.internal.reflect.NativeMethodAccessorImpl.invoke(NativeMethodAccessorImpl.java:62)
at java.base/jdk.internal.reflect.DelegatingMethodAccessorImpl.invoke(DelegatingMethodAccessorImpl.java:43)
at java.base/java.lang.reflect.Method.invoke(Method.java:566)
at org.openqa.selenium.support.pagefactory.internal.LocatingElementHandler.invoke(LocatingElementHandler.java:51)
at com.sun.proxy.$Proxy14.click(Unknown Source)
at com.naveenautomation.pages.AccountPage.clickCheckoutOption(AccountPage.java:75)
at com.naveenautomation.test.CheckoutPageTest.validateInvalidCouponCode(CheckoutPageTest.java:26)
at java.base/jdk.internal.reflect.NativeMethodAccessorImpl.invoke0(Native Method)
at java.base/jdk.internal.reflect.NativeMethodAccessorImpl.invoke(NativeMethodAccessorImpl.java:62)
at java.base/jdk.internal.reflect.DelegatingMethodAccessorImpl.invoke(DelegatingMethodAccessorImpl.java:43)
at java.base/java.lang.reflect.Method.invoke(Method.java:566)
at org.testng.internal.MethodInvocationHelper.invokeMethod(MethodInvocationHelper.java:132)
at org.testng.internal.TestInvoker.invokeMethod(TestInvoker.java:599)
at org.testng.internal.TestInvoker.invokeTestMethod(TestInvoker.java:174)
at org.testng.internal.MethodRunner.runInSequence(MethodRunner.java:46)
at org.testng.internal.TestInvoker$MethodInvocationAgent.invoke(TestInvoker.java:822)
at org.testng.internal.TestInvoker.invokeTestMethods(TestInvoker.java:147)
at org.testng.internal.TestMethodWorker.invokeTestMethods(TestMethodWorker.java:146)
at org.testng.internal.TestMethodWorker.run(TestMethodWorker.java:128)
at java.base/java.util.ArrayList.forEach(ArrayList.java:1541)
at org.testng.TestRunner.privateRun(TestRunner.java:764)
at org.testng.TestRunner.run(TestRunner.java:585)
at org.testng.SuiteRunner.runTest(SuiteRunner.java:384)
at org.testng.SuiteRunner.runSequentially(SuiteRunner.java:378)
at org.testng.SuiteRunner.privateRun(SuiteRunner.java:337)
at org.testng.SuiteRunner.run(SuiteRunner.java:286)
at org.testng.SuiteRunnerWorker.runSuite(SuiteRunnerWorker.java:53)
at org.testng.SuiteRunnerWorker.run(SuiteRunnerWorker.java:96)
at org.testng.TestNG.runSuitesSequentially(TestNG.java:1218)
at org.testng.TestNG.runSuitesLocally(TestNG.java:1140)
at org.testng.TestNG.runSuites(TestNG.java:1069)
at org.testng.TestNG.run(TestNG.java:1037)
at org.apache.maven.surefire.testng.TestNGExecutor.run(TestNGExecutor.java:135)
at org.apache.maven.surefire.testng.TestNGDirectoryTestSuite.executeMulti(TestNGDirectoryTestSuite.java:193)
at org.apache.maven.surefire.testng.TestNGDirectoryTestSuite.execute(TestNGDirectoryTestSuite.java:94)
at org.apache.maven.surefire.testng.TestNGProvider.invoke(TestNGProvider.java:146)
at org.apache.maven.surefire.booter.ForkedBooter.invokeProviderInSameClassLoader(ForkedBooter.java:384)
at org.apache.maven.surefire.booter.ForkedBooter.runSuitesInProcess(ForkedBooter.java:345)
at org.apache.maven.surefire.booter.ForkedBooter.execute(ForkedBooter.java:126)
at org.apache.maven.surefire.booter.ForkedBooter.main(ForkedBooter.java:418)
]]>
            </full-stacktrace>
          </exception> <!-- org.openqa.selenium.ElementNotInteractableException -->
          <reporter-output>
          </reporter-output>
        </test-method> <!-- validateInvalidCouponCode -->
        <test-method is-config="true" signature="closeDown()[pri:0, instance:com.naveenautomation.test.CheckoutPageTest@4470fbd6]" started-at="2023-11-15T23:36:54 EST" name="closeDown" finished-at="2023-11-15T23:36:54 EST" duration-ms="94" status="PASS">
          <reporter-output>
          </reporter-output>
        </test-method> <!-- closeDown -->
      </class> <!-- com.naveenautomation.test.CheckoutPageTest -->
      <class name="com.naveenautomation.test.LogoutPageTest">
        <test-method is-config="true" signature="loggerSteup()[pri:0, instance:com.naveenautomation.test.LogoutPageTest@503f91c3]" started-at="2023-11-15T23:37:36 EST" name="loggerSteup" finished-at="2023-11-15T23:37:36 EST" duration-ms="0" status="PASS">
          <reporter-output>
          </reporter-output>
        </test-method> <!-- loggerSteup -->
        <test-method is-config="true" signature="setUp()[pri:0, instance:com.naveenautomation.test.LogoutPageTest@503f91c3]" started-at="2023-11-15T23:37:36 EST" name="setUp" finished-at="2023-11-15T23:37:40 EST" duration-ms="3538" status="PASS">
          <reporter-output>
          </reporter-output>
        </test-method> <!-- setUp -->
        <test-method signature="validateIfUserCanLogout()[pri:0, instance:com.naveenautomation.test.LogoutPageTest@503f91c3]" started-at="2023-11-15T23:37:40 EST" name="validateIfUserCanLogout" finished-at="2023-11-15T23:37:43 EST" duration-ms="2727" status="PASS">
          <reporter-output>
          </reporter-output>
        </test-method> <!-- validateIfUserCanLogout -->
        <test-method is-config="true" signature="closeDown()[pri:0, instance:com.naveenautomation.test.LogoutPageTest@503f91c3]" started-at="2023-11-15T23:37:43 EST" name="closeDown" finished-at="2023-11-15T23:37:43 EST" duration-ms="88" status="PASS">
          <reporter-output>
          </reporter-output>
        </test-method> <!-- closeDown -->
      </class> <!-- com.naveenautomation.test.LogoutPageTest -->
      <class name="com.naveenautomation.test.ReturnPageTest">
        <test-method is-config="true" signature="setUp()[pri:0, instance:com.naveenautomation.test.ReturnPageTest@17503f6b]" started-at="2023-11-15T23:38:38 EST" name="setUp" finished-at="2023-11-15T23:38:42 EST" duration-ms="3527" status="PASS">
          <reporter-output>
          </reporter-output>
        </test-method> <!-- setUp -->
        <test-method is-config="true" signature="loggerSteup()[pri:0, instance:com.naveenautomation.test.ReturnPageTest@17503f6b]" started-at="2023-11-15T23:38:38 EST" name="loggerSteup" finished-at="2023-11-15T23:38:38 EST" duration-ms="0" status="PASS">
          <reporter-output>
          </reporter-output>
        </test-method> <!-- loggerSteup -->
        <test-method signature="validateIfUserdidAReturn()[pri:0, instance:com.naveenautomation.test.ReturnPageTest@17503f6b]" started-at="2023-11-15T23:38:42 EST" name="validateIfUserdidAReturn" finished-at="2023-11-15T23:38:44 EST" duration-ms="1907" status="PASS">
          <reporter-output>
          </reporter-output>
        </test-method> <!-- validateIfUserdidAReturn -->
        <test-method is-config="true" signature="closeDown()[pri:0, instance:com.naveenautomation.test.ReturnPageTest@17503f6b]" started-at="2023-11-15T23:38:44 EST" name="closeDown" finished-at="2023-11-15T23:38:44 EST" duration-ms="107" status="PASS">
          <reporter-output>
          </reporter-output>
        </test-method> <!-- closeDown -->
      </class> <!-- com.naveenautomation.test.ReturnPageTest -->
      <class name="com.naveenautomation.test.LoginPageTest">
        <test-method is-config="true" signature="loggerSteup()[pri:0, instance:com.naveenautomation.test.LoginPageTest@7098b907]" started-at="2023-11-15T23:37:03 EST" name="loggerSteup" finished-at="2023-11-15T23:37:03 EST" duration-ms="0" status="PASS">
          <reporter-output>
          </reporter-output>
        </test-method> <!-- loggerSteup -->
        <test-method is-config="true" signature="setUp()[pri:0, instance:com.naveenautomation.test.LoginPageTest@7098b907]" started-at="2023-11-15T23:37:03 EST" name="setUp" finished-at="2023-11-15T23:37:07 EST" duration-ms="3838" status="PASS">
          <reporter-output>
          </reporter-output>
        </test-method> <!-- setUp -->
        <test-method signature="validateIfUserCanNotLoginIn()[pri:0, instance:com.naveenautomation.test.LoginPageTest@7098b907]" started-at="2023-11-15T23:37:07 EST" name="validateIfUserCanNotLoginIn" finished-at="2023-11-15T23:37:08 EST" duration-ms="797" status="PASS">
          <reporter-output>
          </reporter-output>
        </test-method> <!-- validateIfUserCanNotLoginIn -->
        <test-method is-config="true" signature="closeDown()[pri:0, instance:com.naveenautomation.test.LoginPageTest@7098b907]" started-at="2023-11-15T23:37:08 EST" name="closeDown" finished-at="2023-11-15T23:37:08 EST" duration-ms="98" status="PASS">
          <reporter-output>
          </reporter-output>
        </test-method> <!-- closeDown -->
        <test-method is-config="true" signature="setUp()[pri:0, instance:com.naveenautomation.test.LoginPageTest@7098b907]" started-at="2023-11-15T23:37:08 EST" name="setUp" finished-at="2023-11-15T23:37:12 EST" duration-ms="4580" status="PASS">
          <reporter-output>
          </reporter-output>
        </test-method> <!-- setUp -->
        <test-method signature="validateLoginCredentials()[pri:0, instance:com.naveenautomation.test.LoginPageTest@7098b907]" started-at="2023-11-15T23:37:12 EST" name="validateLoginCredentials" finished-at="2023-11-15T23:37:14 EST" duration-ms="1315" status="PASS">
          <reporter-output>
          </reporter-output>
        </test-method> <!-- validateLoginCredentials -->
        <test-method is-config="true" signature="closeDown()[pri:0, instance:com.naveenautomation.test.LoginPageTest@7098b907]" started-at="2023-11-15T23:37:14 EST" name="closeDown" finished-at="2023-11-15T23:37:14 EST" duration-ms="83" status="PASS">
          <reporter-output>
          </reporter-output>
        </test-method> <!-- closeDown -->
        <test-method is-config="true" signature="setUp()[pri:0, instance:com.naveenautomation.test.LoginPageTest@7098b907]" started-at="2023-11-15T23:37:14 EST" name="setUp" finished-at="2023-11-15T23:37:19 EST" duration-ms="4296" status="PASS">
          <reporter-output>
          </reporter-output>
        </test-method> <!-- setUp -->
        <test-method signature="valideIfUserCanLoginWithMultipleCredentials(java.lang.String, java.lang.String)[pri:0, instance:com.naveenautomation.test.LoginPageTest@7098b907]" started-at="2023-11-15T23:37:19 EST" name="valideIfUserCanLoginWithMultipleCredentials" data-provider="Userdata" finished-at="2023-11-15T23:37:20 EST" duration-ms="1390" status="PASS">
          <params>
            <param index="0">
              <value>
                <![CDATA[pavitarjit2213@gmail.com]]>
              </value>
            </param>
            <param index="1">
              <value>
                <![CDATA[K@ur7777]]>
              </value>
            </param>
          </params>
          <reporter-output>
          </reporter-output>
        </test-method> <!-- valideIfUserCanLoginWithMultipleCredentials -->
        <test-method is-config="true" signature="closeDown()[pri:0, instance:com.naveenautomation.test.LoginPageTest@7098b907]" started-at="2023-11-15T23:37:20 EST" name="closeDown" finished-at="2023-11-15T23:37:20 EST" duration-ms="92" status="PASS">
          <reporter-output>
          </reporter-output>
        </test-method> <!-- closeDown -->
        <test-method is-config="true" signature="setUp()[pri:0, instance:com.naveenautomation.test.LoginPageTest@7098b907]" started-at="2023-11-15T23:37:20 EST" name="setUp" finished-at="2023-11-15T23:37:24 EST" duration-ms="3878" status="PASS">
          <reporter-output>
          </reporter-output>
        </test-method> <!-- setUp -->
        <test-method signature="valideIfUserCanLoginWithMultipleCredentials(java.lang.String, java.lang.String)[pri:0, instance:com.naveenautomation.test.LoginPageTest@7098b907]" started-at="2023-11-15T23:37:24 EST" name="valideIfUserCanLoginWithMultipleCredentials" data-provider="Userdata" finished-at="2023-11-15T23:37:25 EST" duration-ms="1412" status="PASS">
          <params>
            <param index="0">
              <value>
                <![CDATA[rajdeepkaur451@gmail.com]]>
              </value>
            </param>
            <param index="1">
              <value>
                <![CDATA[K@ur6879]]>
              </value>
            </param>
          </params>
          <reporter-output>
          </reporter-output>
        </test-method> <!-- valideIfUserCanLoginWithMultipleCredentials -->
        <test-method is-config="true" signature="closeDown()[pri:0, instance:com.naveenautomation.test.LoginPageTest@7098b907]" started-at="2023-11-15T23:37:25 EST" name="closeDown" finished-at="2023-11-15T23:37:25 EST" duration-ms="93" status="PASS">
          <reporter-output>
          </reporter-output>
        </test-method> <!-- closeDown -->
        <test-method is-config="true" signature="setUp()[pri:0, instance:com.naveenautomation.test.LoginPageTest@7098b907]" started-at="2023-11-15T23:37:25 EST" name="setUp" finished-at="2023-11-15T23:37:29 EST" duration-ms="3929" status="PASS">
          <reporter-output>
          </reporter-output>
        </test-method> <!-- setUp -->
        <test-method signature="valideIfUserCanLoginWithMultipleCredentials(java.lang.String, java.lang.String)[pri:0, instance:com.naveenautomation.test.LoginPageTest@7098b907]" started-at="2023-11-15T23:37:29 EST" name="valideIfUserCanLoginWithMultipleCredentials" data-provider="Userdata" finished-at="2023-11-15T23:37:31 EST" duration-ms="1188" status="PASS">
          <params>
            <param index="0">
              <value>
                <![CDATA[sarkaria001@gmail.com]]>
              </value>
            </param>
            <param index="1">
              <value>
                <![CDATA[singh@4567]]>
              </value>
            </param>
          </params>
          <reporter-output>
          </reporter-output>
        </test-method> <!-- valideIfUserCanLoginWithMultipleCredentials -->
        <test-method is-config="true" signature="closeDown()[pri:0, instance:com.naveenautomation.test.LoginPageTest@7098b907]" started-at="2023-11-15T23:37:31 EST" name="closeDown" finished-at="2023-11-15T23:37:31 EST" duration-ms="80" status="PASS">
          <reporter-output>
          </reporter-output>
        </test-method> <!-- closeDown -->
        <test-method is-config="true" signature="setUp()[pri:0, instance:com.naveenautomation.test.LoginPageTest@7098b907]" started-at="2023-11-15T23:37:31 EST" name="setUp" finished-at="2023-11-15T23:37:34 EST" duration-ms="3595" status="PASS">
          <reporter-output>
          </reporter-output>
        </test-method> <!-- setUp -->
        <test-method signature="valideIfUserCanLoginWithMultipleCredentials(java.lang.String, java.lang.String)[pri:0, instance:com.naveenautomation.test.LoginPageTest@7098b907]" started-at="2023-11-15T23:37:34 EST" name="valideIfUserCanLoginWithMultipleCredentials" data-provider="Userdata" finished-at="2023-11-15T23:37:36 EST" duration-ms="1984" status="PASS">
          <params>
            <param index="0">
              <value>
                <![CDATA[mandy345@gmail.com]]>
              </value>
            </param>
            <param index="1">
              <value>
                <![CDATA[abcd@123]]>
              </value>
            </param>
          </params>
          <reporter-output>
          </reporter-output>
        </test-method> <!-- valideIfUserCanLoginWithMultipleCredentials -->
        <test-method is-config="true" signature="closeDown()[pri:0, instance:com.naveenautomation.test.LoginPageTest@7098b907]" started-at="2023-11-15T23:37:36 EST" name="closeDown" finished-at="2023-11-15T23:37:36 EST" duration-ms="92" status="PASS">
          <reporter-output>
          </reporter-output>
        </test-method> <!-- closeDown -->
      </class> <!-- com.naveenautomation.test.LoginPageTest -->
    </test> <!-- Surefire test -->
  </suite> <!-- Surefire suite -->
</testng-results>
