<!DOCTYPE html PUBLIC "-//W3C//DTD XHTML 1.1//EN" "https://www.w3.org/TR/xhtml11/DTD/xhtml11.dtd">
<html xmlns="https://www.w3.org/1999/xhtml">
<head>
<meta http-equiv="content-type" content="text/html; charset=UTF-8"/>
<title>TestNG Report</title>
<style type="text/css">table {margin-bottom:10px;border-collapse:collapse;empty-cells:show}th,td {border:1px solid #009;padding:.25em .5em}th {vertical-align:bottom}td {vertical-align:top}table a {font-weight:bold}.stripe td {background-color: #E6EBF9}.num {text-align:right}.passedodd td {background-color: #3F3}.passedeven td {background-color: #0A0}.skippedodd td {background-color: #DDD}.skippedeven td {background-color: #CCC}.failedodd td,.attn {background-color: #F33}.failedeven td,.stripe .attn {background-color: #D00}.stacktrace {white-space:pre;font-family:monospace}.totop {font-size:85%;text-align:center;border-bottom:2px solid #000}.invisible {display:none}</style>
</head>
<body>
<table>
<tr><th>Test</th><th># Passed</th><th># Skipped</th><th># Retried</th><th># Failed</th><th>Time (ms)</th><th>Included Groups</th><th>Excluded Groups</th></tr>
<tr><th colspan="8">Suite</th></tr>
<tr><td><a href="#t0">Test</a></td><td class="num">11</td><td class="num">0</td><td class="num">0</td><td class="num attn">2</td><td class="num">111,497</td><td></td><td></td></tr>
</table>
<table id='summary'><thead><tr><th>Class</th><th>Method</th><th>Start</th><th>Time (ms)</th></tr></thead><tbody><tr><th colspan="4">Suite</th></tr></tbody><tbody id="t0"><tr><th colspan="4">Test &#8212; failed</th></tr><tr class="failedeven"><td rowspan="1">com.naveenautomation.test.AccountPageTest</td><td><a href="#m0">validateIfUserCanChangePassword</a></td><td rowspan="1">1699213876317</td><td rowspan="1">11528</td></tr><tr class="failedodd"><td rowspan="1">com.naveenautomation.test.CheckoutPageTest</td><td><a href="#m1">validateInvalidCouponCode</a></td><td rowspan="1">1699213852102</td><td rowspan="1">11378</td></tr><tr><th colspan="4">Test &#8212; passed</th></tr><tr class="passedeven"><td rowspan="1">com.naveenautomation.test.AccountPageTest</td><td><a href="#m2">validateNewsletterSubscription</a></td><td rowspan="1">1699213893684</td><td rowspan="1">3222</td></tr><tr class="passedodd"><td rowspan="1">com.naveenautomation.test.ContactSuccessPageTest</td><td><a href="#m3">validateIfUserCanContact</a></td><td rowspan="1">1699213832573</td><td rowspan="1">2965</td></tr><tr class="passedeven"><td rowspan="6">com.naveenautomation.test.LoginPageTest</td><td><a href="#m4">validateIfUserCanNotLoginIn</a></td><td rowspan="1">1699213900686</td><td rowspan="1">737</td></tr><tr class="passedeven"><td><a href="#m5">validateLoginCredentials</a></td><td rowspan="1">1699213905018</td><td rowspan="1">1273</td></tr><tr class="passedeven"><td><a href="#m6">valideIfUserCanLoginWithMultipleCredentials</a></td><td rowspan="4">1699213917785</td><td rowspan="4">1244</td></tr><tr class="passedeven"><td><a href="#m7">valideIfUserCanLoginWithMultipleCredentials</a></td></tr><tr class="passedeven"><td><a href="#m8">valideIfUserCanLoginWithMultipleCredentials</a></td></tr><tr class="passedeven"><td><a href="#m9">valideIfUserCanLoginWithMultipleCredentials</a></td></tr><tr class="passedodd"><td rowspan="1">com.naveenautomation.test.LogoutPageTest</td><td><a href="#m10">validateIfUserCanLogout</a></td><td rowspan="1">1699213869572</td><td rowspan="1">2851</td></tr><tr class="passedeven"><td rowspan="1">com.naveenautomation.test.MacbookPageTest</td><td><a href="#m11">validateIfSearchItemDisplayed</a></td><td rowspan="1">1699213842590</td><td rowspan="1">2244</td></tr><tr class="passedodd"><td rowspan="1">com.naveenautomation.test.ReturnPageTest$PasswordPageTest</td><td><a href="#m12">validateIfUserDidNotMakeAnyReturn</a></td><td rowspan="1">1699213826606</td><td rowspan="1">1852</td></tr></tbody>
</table>
<h2>Test</h2><h3 id="m0">com.naveenautomation.test.AccountPageTest#validateIfUserCanChangePassword</h3><table class="result"><tr><th>Exception</th></tr><tr><td><div class="stacktrace">org.openqa.selenium.NoSuchElementException: no such element: Unable to locate element: {&quot;method&quot;:&quot;css selector&quot;,&quot;selector&quot;:&quot;input[name=&apos;confirm&apos;]&quot;}
  (Session info: headless chrome=119.0.6045.106)
For documentation on this error, please visit: https://www.seleniumhq.org/exceptions/no_such_element.html
Build info: version: &apos;3.141.59&apos;, revision: &apos;e82be7d358&apos;, time: &apos;2018-11-14T08:17:03&apos;
System info: host: &apos;DESKTOP-E9NU9A2&apos;, ip: &apos;10.0.0.170&apos;, os.name: &apos;Windows 11&apos;, os.arch: &apos;amd64&apos;, os.version: &apos;10.0&apos;, java.version: &apos;17.0.7&apos;
Driver info: org.openqa.selenium.remote.RemoteWebDriver
Capabilities {acceptInsecureCerts: false, browserName: chrome, browserVersion: 119.0.6045.106, chrome: {chromedriverVersion: 119.0.6045.105 (38c72552c5e..., userDataDir: C:\Users\user\AppData\Local...}, fedcm:accounts: true, goog:chromeOptions: {debuggerAddress: localhost:62657}, javascriptEnabled: true, networkConnectionEnabled: false, pageLoadStrategy: normal, platform: XP, platformName: XP, proxy: Proxy(), se:bidiEnabled: false, se:cdp: ws://10.0.0.170:4444/sessio..., se:cdpVersion: 119.0.6045.106, setWindowRect: true, strictFileInteractability: false, timeouts: {implicit: 0, pageLoad: 300000, script: 30000}, unhandledPromptBehavior: dismiss and notify, webauthn:extension:credBlob: true, webauthn:extension:largeBlob: true, webauthn:extension:minPinLength: true, webauthn:extension:prf: true, webauthn:virtualAuthenticators: true}
Session ID: 02c13d59b712e7819d17a9d1f57f14d4
*** Element info: {Using=css selector, value=input[name=&apos;confirm&apos;]}
	at org.openqa.selenium.remote.http.W3CHttpResponseCodec.createException(W3CHttpResponseCodec.java:187)
	at org.openqa.selenium.remote.http.W3CHttpResponseCodec.decode(W3CHttpResponseCodec.java:122)
	at org.openqa.selenium.remote.http.W3CHttpResponseCodec.decode(W3CHttpResponseCodec.java:49)
	at org.openqa.selenium.remote.HttpCommandExecutor.execute(HttpCommandExecutor.java:158)
	at org.openqa.selenium.remote.RemoteWebDriver.execute(RemoteWebDriver.java:552)
	at org.openqa.selenium.remote.RemoteWebDriver.findElement(RemoteWebDriver.java:323)
	at org.openqa.selenium.remote.RemoteWebDriver.findElementByCssSelector(RemoteWebDriver.java:420)
	at org.openqa.selenium.By$ByCssSelector.findElement(By.java:431)
	at org.openqa.selenium.remote.RemoteWebDriver.findElement(RemoteWebDriver.java:315)
	at org.openqa.selenium.support.events.EventFiringWebDriver.lambda$new$1(EventFiringWebDriver.java:105)
	at jdk.proxy2/jdk.proxy2.$Proxy12.findElement(Unknown Source)
	at org.openqa.selenium.support.events.EventFiringWebDriver.findElement(EventFiringWebDriver.java:194)
	at org.openqa.selenium.support.pagefactory.DefaultElementLocator.findElement(DefaultElementLocator.java:69)
	at org.openqa.selenium.support.pagefactory.internal.LocatingElementHandler.invoke(LocatingElementHandler.java:38)
	at jdk.proxy2/jdk.proxy2.$Proxy16.sendKeys(Unknown Source)
	at com.naveenautomation.pages.PasswordPage.enterPassword(PasswordPage.java:26)
	at com.naveenautomation.pages.PasswordPage.clickContinueButton(PasswordPage.java:30)
	at com.naveenautomation.test.AccountPageTest.validateIfUserCanChangePassword(AccountPageTest.java:34)
	at java.base/java.util.ArrayList.forEach(ArrayList.java:1511)
... Removed 35 stack frames</div></td></tr></table><p class="totop"><a href="#summary">back to summary</a></p>
<h3 id="m1">com.naveenautomation.test.CheckoutPageTest#validateInvalidCouponCode</h3><table class="result"><tr><th>Exception</th></tr><tr><td><div class="stacktrace">org.openqa.selenium.ElementNotInteractableException: element not interactable
  (Session info: headless chrome=119.0.6045.106)
Build info: version: &apos;3.141.59&apos;, revision: &apos;e82be7d358&apos;, time: &apos;2018-11-14T08:17:03&apos;
System info: host: &apos;DESKTOP-E9NU9A2&apos;, ip: &apos;10.0.0.170&apos;, os.name: &apos;Windows 11&apos;, os.arch: &apos;amd64&apos;, os.version: &apos;10.0&apos;, java.version: &apos;17.0.7&apos;
Driver info: org.openqa.selenium.remote.RemoteWebDriver
Capabilities {acceptInsecureCerts: false, browserName: chrome, browserVersion: 119.0.6045.106, chrome: {chromedriverVersion: 119.0.6045.105 (38c72552c5e..., userDataDir: C:\Users\user\AppData\Local...}, fedcm:accounts: true, goog:chromeOptions: {debuggerAddress: localhost:62623}, javascriptEnabled: true, networkConnectionEnabled: false, pageLoadStrategy: normal, platform: XP, platformName: XP, proxy: Proxy(), se:bidiEnabled: false, se:cdp: ws://10.0.0.170:4444/sessio..., se:cdpVersion: 119.0.6045.106, setWindowRect: true, strictFileInteractability: false, timeouts: {implicit: 0, pageLoad: 300000, script: 30000}, unhandledPromptBehavior: dismiss and notify, webauthn:extension:credBlob: true, webauthn:extension:largeBlob: true, webauthn:extension:minPinLength: true, webauthn:extension:prf: true, webauthn:virtualAuthenticators: true}
Session ID: 6ce91fcb938e9fa7808dc77e079a2f0f
	at org.openqa.selenium.remote.http.W3CHttpResponseCodec.createException(W3CHttpResponseCodec.java:187)
	at org.openqa.selenium.remote.http.W3CHttpResponseCodec.decode(W3CHttpResponseCodec.java:122)
	at org.openqa.selenium.remote.http.W3CHttpResponseCodec.decode(W3CHttpResponseCodec.java:49)
	at org.openqa.selenium.remote.HttpCommandExecutor.execute(HttpCommandExecutor.java:158)
	at org.openqa.selenium.remote.RemoteWebDriver.execute(RemoteWebDriver.java:552)
	at org.openqa.selenium.remote.RemoteWebElement.execute(RemoteWebElement.java:285)
	at org.openqa.selenium.remote.RemoteWebElement.click(RemoteWebElement.java:84)
	at org.openqa.selenium.support.events.EventFiringWebDriver$EventFiringWebElement.lambda$new$0(EventFiringWebDriver.java:404)
	at jdk.proxy2/jdk.proxy2.$Proxy21.click(Unknown Source)
	at org.openqa.selenium.support.events.EventFiringWebDriver$EventFiringWebElement.click(EventFiringWebDriver.java:417)
	at org.openqa.selenium.support.pagefactory.internal.LocatingElementHandler.invoke(LocatingElementHandler.java:51)
	at jdk.proxy2/jdk.proxy2.$Proxy16.click(Unknown Source)
	at com.naveenautomation.pages.AccountPage.clickCheckoutOption(AccountPage.java:67)
	at com.naveenautomation.test.CheckoutPageTest.validateInvalidCouponCode(CheckoutPageTest.java:26)
	at java.base/java.util.ArrayList.forEach(ArrayList.java:1511)
... Removed 38 stack frames</div></td></tr></table><p class="totop"><a href="#summary">back to summary</a></p>
<h3 id="m2">com.naveenautomation.test.AccountPageTest#validateNewsletterSubscription</h3><table class="result"><tr><th class="invisible"/></tr></table><p class="totop"><a href="#summary">back to summary</a></p>
<h3 id="m3">com.naveenautomation.test.ContactSuccessPageTest#validateIfUserCanContact</h3><table class="result"><tr><th class="invisible"/></tr></table><p class="totop"><a href="#summary">back to summary</a></p>
<h3 id="m4">com.naveenautomation.test.LoginPageTest#validateIfUserCanNotLoginIn</h3><table class="result"><tr><th class="invisible"/></tr></table><p class="totop"><a href="#summary">back to summary</a></p>
<h3 id="m5">com.naveenautomation.test.LoginPageTest#validateLoginCredentials</h3><table class="result"><tr><th class="invisible"/></tr></table><p class="totop"><a href="#summary">back to summary</a></p>
<h3 id="m6">com.naveenautomation.test.LoginPageTest#valideIfUserCanLoginWithMultipleCredentials</h3><table class="result"><tr class="param"><th>Parameter #1</th><th>Parameter #2</th></tr><tr class="param stripe"><td>rajdeepkaur451@gmail.com</td><td>K@ur6879</td></tr></table><p class="totop"><a href="#summary">back to summary</a></p>
<h3 id="m7">com.naveenautomation.test.LoginPageTest#valideIfUserCanLoginWithMultipleCredentials</h3><table class="result"><tr class="param"><th>Parameter #1</th><th>Parameter #2</th></tr><tr class="param stripe"><td>sarkaria001@gmail.com</td><td>singh@4567</td></tr></table><p class="totop"><a href="#summary">back to summary</a></p>
<h3 id="m8">com.naveenautomation.test.LoginPageTest#valideIfUserCanLoginWithMultipleCredentials</h3><table class="result"><tr class="param"><th>Parameter #1</th><th>Parameter #2</th></tr><tr class="param stripe"><td>mandy345@gmail.com</td><td>abcd@123</td></tr></table><p class="totop"><a href="#summary">back to summary</a></p>
<h3 id="m9">com.naveenautomation.test.LoginPageTest#valideIfUserCanLoginWithMultipleCredentials</h3><table class="result"><tr class="param"><th>Parameter #1</th><th>Parameter #2</th></tr><tr class="param stripe"><td>pavitarjit2213@gmail.com</td><td>K@ur7777</td></tr></table><p class="totop"><a href="#summary">back to summary</a></p>
<h3 id="m10">com.naveenautomation.test.LogoutPageTest#validateIfUserCanLogout</h3><table class="result"><tr><th class="invisible"/></tr></table><p class="totop"><a href="#summary">back to summary</a></p>
<h3 id="m11">com.naveenautomation.test.MacbookPageTest#validateIfSearchItemDisplayed</h3><table class="result"><tr><th class="invisible"/></tr></table><p class="totop"><a href="#summary">back to summary</a></p>
<h3 id="m12">com.naveenautomation.test.ReturnPageTest$PasswordPageTest#validateIfUserDidNotMakeAnyReturn</h3><table class="result"><tr><th class="invisible"/></tr></table><p class="totop"><a href="#summary">back to summary</a></p>
</body>
</html>
