<?xml version="1.0" encoding="UTF-8"?>
<!-- Generated by org.testng.reporters.JUnitReportReporter -->
<testsuite hostname="DESKTOP-E9NU9A2" failures="1" tests="12" name="com.rajdeepk.myFirstMavenProject.TestingCookingRecipe" time="0.015" errors="0" timestamp="11 Sep 2023 20:25:20 GMT" skipped="5">
  <testcase classname="com.rajdeepk.myFirstMavenProject.TestingCookingRecipe" name="checKCookingUtensils" time="0.009"/>
  <testcase classname="com.rajdeepk.myFirstMavenProject.TestingCookingRecipe" name="requiredVegetables" time="0.001">
    <failure message="expected [Green Pepper,Spring ,Cabbage,Onion] but found [Garlic,Green Pepper,Carrot,Spring Onion,Cabbage,Onion]" type="java.lang.AssertionError">
      <![CDATA[java.lang.AssertionError: expected [Green Pepper,Spring ,Cabbage,Onion] but found [Garlic,Green Pepper,Carrot,Spring Onion,Cabbage,Onion]
at org.testng.Assert.fail(Assert.java:96)
at org.testng.Assert.failNotEquals(Assert.java:776)
at org.testng.Assert.assertEqualsImpl(Assert.java:137)
at org.testng.Assert.assertEquals(Assert.java:118)
at org.testng.Assert.assertEquals(Assert.java:453)
at org.testng.Assert.assertEquals(Assert.java:463)
at com.rajdeepk.myFirstMavenProject.TestingCookingRecipe.requiredVegetables(TestingCookingRecipe.java:21)
at java.base/jdk.internal.reflect.NativeMethodAccessorImpl.invoke0(Native Method)
at java.base/jdk.internal.reflect.NativeMethodAccessorImpl.invoke(NativeMethodAccessorImpl.java:77)
at java.base/jdk.internal.reflect.DelegatingMethodAccessorImpl.invoke(DelegatingMethodAccessorImpl.java:43)
at java.base/java.lang.reflect.Method.invoke(Method.java:568)
at org.testng.internal.MethodInvocationHelper.invokeMethod(MethodInvocationHelper.java:124)
at org.testng.internal.Invoker.invokeMethod(Invoker.java:583)
at org.testng.internal.Invoker.invokeTestMethod(Invoker.java:719)
at org.testng.internal.Invoker.invokeTestMethods(Invoker.java:989)
at org.testng.internal.TestMethodWorker.invokeTestMethods(TestMethodWorker.java:125)
at org.testng.internal.TestMethodWorker.run(TestMethodWorker.java:109)
at org.testng.TestRunner.privateRun(TestRunner.java:648)
at org.testng.TestRunner.run(TestRunner.java:505)
at org.testng.SuiteRunner.runTest(SuiteRunner.java:455)
at org.testng.SuiteRunner.runSequentially(SuiteRunner.java:450)
at org.testng.SuiteRunner.privateRun(SuiteRunner.java:415)
at org.testng.SuiteRunner.run(SuiteRunner.java:364)
at org.testng.SuiteRunnerWorker.runSuite(SuiteRunnerWorker.java:52)
at org.testng.SuiteRunnerWorker.run(SuiteRunnerWorker.java:84)
at org.testng.TestNG.runSuitesSequentially(TestNG.java:1208)
at org.testng.TestNG.runSuitesLocally(TestNG.java:1137)
at org.testng.TestNG.runSuites(TestNG.java:1049)
at org.testng.TestNG.run(TestNG.java:1017)
at org.testng.remote.AbstractRemoteTestNG.run(AbstractRemoteTestNG.java:115)
at org.testng.remote.RemoteTestNG.initAndRun(RemoteTestNG.java:251)
at org.testng.remote.RemoteTestNG.main(RemoteTestNG.java:77)
]]>
    </failure>
  </testcase> <!-- requiredVegetables -->
  <testcase classname="com.rajdeepk.myFirstMavenProject.TestingCookingRecipe" name="chopAllVegies" time="0.000">
    <skipped/>
  </testcase> <!-- chopAllVegies -->
  <testcase classname="com.rajdeepk.myFirstMavenProject.TestingCookingRecipe" name="collectRequiredIngredients" time="0.001"/>
  <testcase classname="com.rajdeepk.myFirstMavenProject.TestingCookingRecipe" name="turnOnFlame" time="0.001"/>
  <testcase classname="com.rajdeepk.myFirstMavenProject.TestingCookingRecipe" name="boilNoobles" time="0.001"/>
  <testcase classname="com.rajdeepk.myFirstMavenProject.TestingCookingRecipe" name="fryVeggies" time="0.000">
    <skipped/>
  </testcase> <!-- fryVeggies -->
  <testcase classname="com.rajdeepk.myFirstMavenProject.TestingCookingRecipe" name="putIngredients" time="0.001"/>
  <testcase classname="com.rajdeepk.myFirstMavenProject.TestingCookingRecipe" name="addBoiledNoodles" time="0.001"/>
  <testcase classname="com.rajdeepk.myFirstMavenProject.TestingCookingRecipe" name="tossingAndStirring" time="0.000">
    <skipped/>
  </testcase> <!-- tossingAndStirring -->
  <testcase classname="com.rajdeepk.myFirstMavenProject.TestingCookingRecipe" name="switchOffHeat" time="0.000">
    <skipped/>
  </testcase> <!-- switchOffHeat -->
  <testcase classname="com.rajdeepk.myFirstMavenProject.TestingCookingRecipe" name="checkTheTaste" time="0.000">
    <skipped/>
  </testcase> <!-- checkTheTaste -->
</testsuite> <!-- com.rajdeepk.myFirstMavenProject.TestingCookingRecipe -->
